2017-03-03 01:08:38 -- clear all
2017-03-03 01:09:06 -- clear all
2017-03-03 01:09:08 -- clear all
2017-03-03 01:09:08 -- clear all
2017-03-03 01:09:09 -- clear all
2017-03-03 01:15:53 -- clear all
2017-04-01 12:00:01 -- clear all
2017-04-27 00:05:01 -- insert traffic all
2017-04-27 00:05:01 -- record start traffic all
{"errno":0,"errmsg":"success","dataset":"done"}
{"errno":0,"errmsg":"success","dataset":"done"}
{"errno":1024,"errmsg":"bad pushtoken"}
2017-04-28 00:05:01 -- insert traffic all
2017-04-28 00:05:01 -- record start traffic all
{"errno":0,"errmsg":"success","dataset":"done"}
{"errno":0,"errmsg":"success","dataset":"done"}
{"errno":1024,"errmsg":"bad pushtoken"}
2017-04-29 00:05:01 -- insert traffic all
2017-04-29 00:05:01 -- record start traffic all
{"errno":0,"errmsg":"success","dataset":"done"}
{"errno":0,"errmsg":"success","dataset":"done"}
{"errno":0,"errmsg":"success","dataset":"done"}
2017-04-30 00:05:01 -- insert traffic all
2017-04-30 00:05:01 -- record start traffic all
{"errno":0,"errmsg":"success","dataset":"done"}
{"errno":0,"errmsg":"success","dataset":"done"}
{"errno":0,"errmsg":"success","dataset":"done"}
2017-05-01 08:00:01 -- 记录每日流量成功
2017-05-01 08:00:01 -- 今日流量已记录
2017-05-01 08:00:01 -- 使用流量已重置
2017-05-03 00:05:01 -- 记录每日流量成功
2017-05-03 00:05:01 -- 今日流量已记录
2017-05-04 00:05:01 -- 记录每日流量成功
2017-05-04 00:05:01 -- 今日流量已记录
2017-05-05 00:05:01 -- 记录每日流量成功
2017-05-05 00:05:01 -- 今日流量已记录
2017-05-06 00:05:01 -- 记录每日流量成功
2017-05-06 00:05:01 -- 今日流量已记录
2017-05-07 00:05:01 -- 记录每日流量成功
2017-05-07 00:05:01 -- 今日流量已记录
2017-05-08 00:05:01 -- 记录每日流量成功
2017-05-08 00:05:01 -- 今日流量已记录
2017-05-09 00:05:01 -- 记录每日流量成功
2017-05-09 00:05:01 -- 今日流量已记录
2017-05-10 00:05:01 -- 记录每日流量成功
2017-05-10 00:05:01 -- 今日流量已记录
2017-05-11 00:05:01 -- 记录每日流量成功
2017-05-11 00:05:01 -- 今日流量已记录
2017-05-12 00:05:01 -- 记录每日流量成功
2017-05-12 00:05:01 -- 今日流量已记录
2017-05-13 00:05:01 -- 记录每日流量成功
2017-05-13 00:05:01 -- 今日流量已记录
2017-05-14 00:05:01 -- 记录每日流量成功
2017-05-14 00:05:01 -- 今日流量已记录
2017-05-15 00:05:02 -- 记录每日流量成功
2017-05-15 00:05:02 -- 今日流量已记录
2017-05-16 00:05:01 -- 记录每日流量成功
2017-05-16 00:05:01 -- 今日流量已记录
